<?xml version="1.0" encoding="UTF-8"?>
<!-- Generated by org.testng.reporters.JUnitReportReporter -->
<testsuite skipped="0" hostname="2YCYNT2" name="AnkurDemo.AmazonSearch" tests="1" failures="0" timestamp="2021-09-28T14:55:05 IST" time="10.485" errors="0">
  <testcase name="test" time="10.485" classname="AnkurDemo.AmazonSearch"/>
  <system-out/>
</testsuite> <!-- AnkurDemo.AmazonSearch -->
